0.028716907730431698
0.0



0.028716907730431698
1.1925600997645574E-17



0.02871690773043169
4.259143213444848E-19



0.02871690773043169
4.259143213444848E-19



0.02871690773043169
4.259143213444848E-19



0.0861483008456409
2.555485928066909E-18



0.02871690773043169
4.259143213444848E-19



0.02871690773043169
4.259143213444848E-19



0.02871690773043169
4.259143213444848E-19



0.02871690773043169
4.259143213444848E-19



0.02871690773043169
4.259143213444848E-19



0.02871690773043169
4.259143213444848E-19



0.02871690773043169
4.259143213444848E-19



0.02871690773043169
4.259143213444848E-19



0.02871690773043169
4.259143213444848E-19



0.02871690773043169
4.259143213444848E-19



0.02871690773043169
4.259143213444848E-19



0.02871690773043169
4.259143213444848E-19



0.02871690773043169
4.259143213444848E-19



0.02871690773043169
4.259143213444848E-19



0.02871690773043169
4.259143213444848E-19



0.02871690773043169
4.259143213444848E-19



0.02871690773043169
4.259143213444848E-19



0.02871690773043169
4.259143213444848E-19



0.02871690773043169
4.259143213444848E-19



0.02362755951097686
0.03951445393254011



0.02871690773043169
4.259143213444848E-19



0.02871690773043169
4.259143213444848E-19



0.02871690773043169
4.259143213444848E-19



0.02871690773043169
4.259143213444848E-19



0.02871690773043169
4.259143213444848E-19



0.02871690773043169
4.259143213444848E-19



0.02871690773043169
4.259143213444848E-19



8.4041997465102855E-19
0.04802427730337298



8.4041997465102855E-19
0.04802427730337298



8.4041997465102855E-19
0.04802427730337298



8.4041997465102855E-19
0.04802427730337298



8.4041997465102855E-19
0.04802427730337298



8.4041997465102855E-19
0.04802427730337298



8.4041997465102855E-19
0.04802427730337298



1.6808399493020571E-18
0.09604855460674595



8.4041997465102855E-19
0.04802427730337298



8.4041997465102855E-19
0.04802427730337298



8.4041997465102855E-19
0.04802427730337298



8.4041997465102855E-19
0.04802427730337298



8.4041997465102855E-19
0.04802427730337298



8.4041997465102855E-19
0.04802427730337298



8.4041997465102855E-19
0.04802427730337298



8.4041997465102855E-19
0.04802427730337298



8.4041997465102855E-19
0.04802427730337298



8.4041997465102855E-19
0.04802427730337298



8.4041997465102855E-19
0.04802427730337298



