0.006719804247023491
-0.15668858538998495


0.006719804247023439
-0.15668858538998495


0.006719804247023492
-0.15668858538998492


0.006719804247023492
-0.15668858538998492


0.006719804247023492
-0.15668858538998492


0.020158845908152135
-0.47005253908135164


0.006719804247023492
-0.15668858538998492


0.006719804247023492
-0.15668858538998492


0.006719804247023492
-0.15668858538998492


0.006719804247023492
-0.15668858538998492


0.006719804247023492
-0.15668858538998492


0.006719804247023492
-0.15668858538998492


0.006719804247023492
-0.15668858538998492


0.006719804247023492
-0.15668858538998492


0.006719804247023492
-0.15668858538998492


0.006719804247023492
-0.15668858538998492


0.006719804247023492
-0.15668858538998492


0.006719804247023492
-0.15668858538998492


0.006719804247023492
-0.15668858538998492


0.006719804247023492
-0.15668858538998492


0.006719804247023492
-0.15668858538998492


0.006719804247023492
-0.15668858538998492


0.006719804247023492
-0.15668858538998492


0.006719804247023492
-0.15668858538998492


0.006719804247023492
-0.15668858538998492


0.1779886736303702
-0.11766744870239315


0.006719804247023492
-0.15668858538998492


0.006719804247023492
-0.15668858538998492


0.006719804247023492
-0.15668858538998492


0.006719804247023492
-0.15668858538998492


0.006719804247023492
-0.15668858538998492


0.006719804247023492
-0.15668858538998492


0.006719804247023492
-0.15668858538998492


0.20960068356805234
0.013675268789267423


0.20960068356805234
0.013675268789267423


0.20960068356805234
0.013675268789267423


0.20960068356805234
0.013675268789267423


0.20960068356805234
0.013675268789267423


0.20960068356805234
0.013675268789267423


0.20960068356805234
0.013675268789267423


0.4192013671361047
0.027350537578534846


0.20960068356805234
0.013675268789267423


0.20960068356805234
0.013675268789267423


0.20960068356805234
0.013675268789267423


0.20960068356805234
0.013675268789267423


0.20960068356805234
0.013675268789267423


0.20960068356805234
0.013675268789267423


0.20960068356805234
0.013675268789267423


0.20960068356805234
0.013675268789267423


0.20960068356805234
0.013675268789267423


0.20960068356805234
0.013675268789267423


0.20960068356805234
0.013675268789267423


0 0 4.1282299999999985 0.11855 0.028716907730431698 0.11855 0.11855
1 0 4.1282299999999985 0.11855 0.028716907730431698 0.11855 0.11855
2 0 4.1282299999999985 0.11854999999999997 0.02871690773043169 0.11855 0.11855
3 0 4.1282299999999985 0.11854999999999997 0.02871690773043169 0.11855 0.11855
4 0 4.1282299999999985 0.11854999999999997 0.02871690773043169 0.11855 0.11855
5 0 4.1282299999999985 0.35564 0.0861483008456409 0.35564 0.35564
6 0 4.1282299999999985 0.11854999999999997 0.02871690773043169 0.11855 0.11855
7 0 4.1282299999999985 0.11854999999999997 0.02871690773043169 0.11855 0.11855
8 0 4.1282299999999985 0.11854999999999997 0.02871690773043169 0.11855 0.11855
9 0 4.1282299999999985 0.11854999999999997 0.02871690773043169 0.11855 0.11855
10 0 4.1282299999999985 0.11854999999999997 0.02871690773043169 0.11855 0.11855
11 0 4.1282299999999985 0.11854999999999997 0.02871690773043169 0.11855 0.11855
12 0 4.1282299999999985 0.11854999999999997 0.02871690773043169 0.11855 0.11855
13 0 4.1282299999999985 0.11854999999999997 0.02871690773043169 0.11855 0.11855
14 0 4.1282299999999985 0.11854999999999997 0.02871690773043169 0.11855 0.11855
15 0 4.1282299999999985 0.11854999999999997 0.02871690773043169 0.11855 0.11855
16 0 4.1282299999999985 0.11854999999999997 0.02871690773043169 0.11855 0.11855
17 0 4.1282299999999985 0.11854999999999997 0.02871690773043169 0.11855 0.11855
18 0 4.1282299999999985 0.11854999999999997 0.02871690773043169 0.11855 0.11855
19 0 4.1282299999999985 0.11854999999999997 0.02871690773043169 0.11855 0.11855
20 0 4.1282299999999985 0.11854999999999997 0.02871690773043169 0.11855 0.11855
21 0 4.1282299999999985 0.11854999999999997 0.02871690773043169 0.11855 0.11855
22 0 4.1282299999999985 0.11854999999999997 0.02871690773043169 0.11855 0.11855
23 0 4.1282299999999985 0.11854999999999997 0.02871690773043169 0.11855 0.11855
24 0 4.1282299999999985 0.11854999999999997 0.02871690773043169 0.11855 0.11855
25 0 4.1282299999999985 0.09753999999999997 0.02362755951097686 0.09754 0.09754
26 0 4.1282299999999985 0.11854999999999997 0.02871690773043169 0.11855 0.11855
27 0 4.1282299999999985 0.11854999999999997 0.02871690773043169 0.11855 0.11855
28 0 4.1282299999999985 0.11854999999999997 0.02871690773043169 0.11855 0.11855
29 0 4.1282299999999985 0.11854999999999997 0.02871690773043169 0.11855 0.11855
30 0 4.1282299999999985 0.11854999999999997 0.02871690773043169 0.11855 0.11855
31 0 4.1282299999999985 0.11854999999999997 0.02871690773043169 0.11855 0.11855
32 0 4.1282299999999985 0.11854999999999997 0.02871690773043169 0.11855 0.11855
33 0 4.1282299999999985 3.469446951953614E-18 8.4041997465102855E-19 0.0 0.0
34 0 4.1282299999999985 3.469446951953614E-18 8.4041997465102855E-19 0.0 0.0
35 0 4.1282299999999985 3.469446951953614E-18 8.4041997465102855E-19 0.0 0.0
36 0 4.1282299999999985 3.469446951953614E-18 8.4041997465102855E-19 0.0 0.0
37 0 4.1282299999999985 3.469446951953614E-18 8.4041997465102855E-19 0.0 0.0
38 0 4.1282299999999985 3.469446951953614E-18 8.4041997465102855E-19 0.0 0.0
39 0 4.1282299999999985 3.469446951953614E-18 8.4041997465102855E-19 0.0 0.0
40 0 4.1282299999999985 6.938893903907228E-18 1.6808399493020571E-18 0.0 0.0
41 0 4.1282299999999985 3.469446951953614E-18 8.4041997465102855E-19 0.0 0.0
42 0 4.1282299999999985 3.469446951953614E-18 8.4041997465102855E-19 0.0 0.0
43 0 4.1282299999999985 3.469446951953614E-18 8.4041997465102855E-19 0.0 0.0
44 0 4.1282299999999985 3.469446951953614E-18 8.4041997465102855E-19 0.0 0.0
45 0 4.1282299999999985 3.469446951953614E-18 8.4041997465102855E-19 0.0 0.0
46 0 4.1282299999999985 3.469446951953614E-18 8.4041997465102855E-19 0.0 0.0
47 0 4.1282299999999985 3.469446951953614E-18 8.4041997465102855E-19 0.0 0.0
48 0 4.1282299999999985 3.469446951953614E-18 8.4041997465102855E-19 0.0 0.0
49 0 4.1282299999999985 3.469446951953614E-18 8.4041997465102855E-19 0.0 0.0
50 0 4.1282299999999985 3.469446951953614E-18 8.4041997465102855E-19 0.0 0.0
51 0 4.1282299999999985 3.469446951953614E-18 8.4041997465102855E-19 0.0 0.0
0 1 4.072940000000003 0.0 0.0 0.0 0.0
1 1 4.072940000000003 -4.85722573273506E-17 1.1925600997645574E-17 0.0 0.0
2 1 4.072940000000003 1.734723475976807E-18 4.259143213444848E-19 0.0 0.0
3 1 4.072940000000003 1.734723475976807E-18 4.259143213444848E-19 0.0 0.0
4 1 4.072940000000003 1.734723475976807E-18 4.259143213444848E-19 0.0 0.0
5 1 4.072940000000003 1.0408340855860843E-17 2.555485928066909E-18 0.0 0.0
6 1 4.072940000000003 1.734723475976807E-18 4.259143213444848E-19 0.0 0.0
7 1 4.072940000000003 1.734723475976807E-18 4.259143213444848E-19 0.0 0.0
8 1 4.072940000000003 1.734723475976807E-18 4.259143213444848E-19 0.0 0.0
9 1 4.072940000000003 1.734723475976807E-18 4.259143213444848E-19 0.0 0.0
10 1 4.072940000000003 1.734723475976807E-18 4.259143213444848E-19 0.0 0.0
11 1 4.072940000000003 1.734723475976807E-18 4.259143213444848E-19 0.0 0.0
12 1 4.072940000000003 1.734723475976807E-18 4.259143213444848E-19 0.0 0.0
13 1 4.072940000000003 1.734723475976807E-18 4.259143213444848E-19 0.0 0.0
14 1 4.072940000000003 1.734723475976807E-18 4.259143213444848E-19 0.0 0.0
15 1 4.072940000000003 1.734723475976807E-18 4.259143213444848E-19 0.0 0.0
16 1 4.072940000000003 1.734723475976807E-18 4.259143213444848E-19 0.0 0.0
17 1 4.072940000000003 1.734723475976807E-18 4.259143213444848E-19 0.0 0.0
18 1 4.072940000000003 1.734723475976807E-18 4.259143213444848E-19 0.0 0.0
19 1 4.072940000000003 1.734723475976807E-18 4.259143213444848E-19 0.0 0.0
20 1 4.072940000000003 1.734723475976807E-18 4.259143213444848E-19 0.0 0.0
21 1 4.072940000000003 1.734723475976807E-18 4.259143213444848E-19 0.0 0.0
22 1 4.072940000000003 1.734723475976807E-18 4.259143213444848E-19 0.0 0.0
23 1 4.072940000000003 1.734723475976807E-18 4.259143213444848E-19 0.0 0.0
24 1 4.072940000000003 1.734723475976807E-18 4.259143213444848E-19 0.0 0.0
25 1 4.072940000000003 0.16094000000000003 0.03951445393254011 0.16094 0.16094
26 1 4.072940000000003 1.734723475976807E-18 4.259143213444848E-19 0.0 0.0
27 1 4.072940000000003 1.734723475976807E-18 4.259143213444848E-19 0.0 0.0
28 1 4.072940000000003 1.734723475976807E-18 4.259143213444848E-19 0.0 0.0
29 1 4.072940000000003 1.734723475976807E-18 4.259143213444848E-19 0.0 0.0
30 1 4.072940000000003 1.734723475976807E-18 4.259143213444848E-19 0.0 0.0
31 1 4.072940000000003 1.734723475976807E-18 4.259143213444848E-19 0.0 0.0
32 1 4.072940000000003 1.734723475976807E-18 4.259143213444848E-19 0.0 0.0
33 1 4.072940000000003 0.19560000000000005 0.04802427730337298 0.1956 0.1956
34 1 4.072940000000003 0.19560000000000005 0.04802427730337298 0.1956 0.1956
35 1 4.072940000000003 0.19560000000000005 0.04802427730337298 0.1956 0.1956
36 1 4.072940000000003 0.19560000000000005 0.04802427730337298 0.1956 0.1956
37 1 4.072940000000003 0.19560000000000005 0.04802427730337298 0.1956 0.1956
38 1 4.072940000000003 0.19560000000000005 0.04802427730337298 0.1956 0.1956
39 1 4.072940000000003 0.19560000000000005 0.04802427730337298 0.1956 0.1956
40 1 4.072940000000003 0.3912000000000001 0.09604855460674595 0.3912 0.3912
41 1 4.072940000000003 0.19560000000000005 0.04802427730337298 0.1956 0.1956
42 1 4.072940000000003 0.19560000000000005 0.04802427730337298 0.1956 0.1956
43 1 4.072940000000003 0.19560000000000005 0.04802427730337298 0.1956 0.1956
44 1 4.072940000000003 0.19560000000000005 0.04802427730337298 0.1956 0.1956
45 1 4.072940000000003 0.19560000000000005 0.04802427730337298 0.1956 0.1956
46 1 4.072940000000003 0.19560000000000005 0.04802427730337298 0.1956 0.1956
47 1 4.072940000000003 0.19560000000000005 0.04802427730337298 0.1956 0.1956
48 1 4.072940000000003 0.19560000000000005 0.04802427730337298 0.1956 0.1956
49 1 4.072940000000003 0.19560000000000005 0.04802427730337298 0.1956 0.1956
50 1 4.072940000000003 0.19560000000000005 0.04802427730337298 0.1956 0.1956
51 1 4.072940000000003 0.19560000000000005 0.04802427730337298 0.1956 0.1956
